
============================================================
Bot started at 2026-02-06 22:59:39.333661
============================================================
Failed request with status code: 404
ID: 4409337659, Password: hr_6TBHS_BY_SPIDEERIO_GAMING_6ZQWL
{'1': {'wire_type': 'varint', 'data': 14447391927}, '2': {'wire_type': 'varint', 'data': 1}, '3': {'wire_type': 'string', 'data': 'IND'}, '4': {'wire_type': 'string', 'data': 'hr⁹⁵⁷¹⁶'}, '5': {'wire_type': 'varint', 'data': 1768596577}, '6': {'wire_type': 'varint', 'data': 2}, '7': {'wire_type': 'varint', 'data': 48}, '8': {'wire_type': 'varint', 'data': 2}, '14': {'wire_type': 'string', 'data': '202.81.111.5:39698'}, '15': {'wire_type': 'varint', 'data': 8}, '16': {'wire_type': 'string', 'data': 'https://indevent.ggblueshark.com/'}, '19': {'wire_type': 'length_delimited', 'data': {'1': {'wire_type': 'varint', 'data': 5}, '2': {'wire_type': 'string', 'data': 'BR'}}}, '23': {'wire_type': 'varint', 'data': 1770398985}, '24': {'wire_type': 'string', 'data': 'IND'}, '26': {'wire_type': 'varint', 'data': 1}, '30': {'wire_type': 'varint', 'data': 1001000093}, '32': {'wire_type': 'string', 'data': '202.81.108.129:39800'}, '34': {'wire_type': 'length_delimited', 'data': {'2': {'wire_type': 'varint', 'data': 93}, '3': {'wire_type': 'varint', 'data': 1769884200}, '4': {'wire_type': 'varint', 'data': 1772303399}, '5': {'wire_type': 'varint', 'data': 1001000093}}}, '37': {'wire_type': 'varint', 'data': 1}, '39': {'wire_type': 'string', 'data': 'https://indnetwork.ggblueshark.com/'}, '42': {'wire_type': 'string', 'data': 'IN'}, '44': {'wire_type': 'length_delimited', 'data': {'1': {'wire_type': 'string', 'data': 'IND'}, '2': {'wire_type': 'string', 'data': 'IDC2'}, '3': {'wire_type': 'string', 'data': '103.123.54.51:10102'}, '6': {'wire_type': 'string', 'data': 'IND'}}}, '45': {'wire_type': 'varint', 'data': 1770398677}, '48': {'wire_type': 'length_delimited', 'data': {'1': {'wire_type': 'length_delimited', 'data': {'1': {'wire_type': 'varint', 'data': 1}, '2': {'wire_type': 'varint', 'data': 3}}}}}, '51': {'wire_type': 'varint', 'data': 1}, '52': {'wire_type': 'string', 'data': ''}, '62': {'wire_type': 'string', 'data': 'ff-sdk-grtc.freefireind.in;ff-dr-grtc.freefireind.in;103.16.33.136, 103.16.33.160'}, '63': {'wire_type': 'length_delimited', 'data': {'1': {'wire_type': 'varint', 'data': 1}, '2': {'wire_type': 'string', 'data': 'gin.freefireind.in'}, '3': {'wire_type': 'varint', 'data': 18446744073709551615}, '4': {'wire_type': 'varint', 'data': 1}, '5': {'wire_type': 'varint', 'data': 1}, '6': {'wire_type': 'string', 'data': '3|4294967295'}, '7': {'wire_type': 'varint', 'data': 1}, '8': {'wire_type': 'varint', 'data': 1}, '9': {'wire_type': 'varint', 'data': 1}}}, '65': {'wire_type': 'length_delimited', 'data': {'2': {'wire_type': 'varint', 'data': 1}, '3': {'wire_type': 'varint', 'data': 1}}}, '70': {'wire_type': 'string', 'data': ''}, '75': {'wire_type': 'varint', 'data': 1}, '77': {'wire_type': 'varint', 'data': 18446744073709551615}, '79': {'wire_type': 'string', 'data': 'https://indgigateway.ggblueshark.com/'}, '86': {'wire_type': 'string', 'data': ''}, '88': {'wire_type': 'string', 'data': 'ac3f7e385d03903e23ed5ecd4ba3666ad2855725'}, '89': {'wire_type': 'varint', 'data': 1770398985}, '96': {'wire_type': 'varint', 'data': 19800}}
b'\xdf\xc5"}\xda[c\xf7B\x1c$ \n\x10A\x15' b'\xee\xfdQs\xfalr\xf2E\x10$@\x10\x11A\x16'
202.81.108.129 39800
Token decoded and processed. Account ID: 14447391927
Final token constructed successfully.
 Con port 39698 Host 202.81.109.66 
0115000000035d21b4b769862508000003006e50649672d4728cabcc8382866829a256c75040532ce14c4854f1405671e54ab5cb845aafd3a3f9f7b8676f3b464c79b6038910bfa906f7ad95d244c00eefa5300403a2902a857a615a2b149cc5ea1585c8d7e2d02881fe81909894bce40e4e28f7170a4ca57f876f8cca1b4e8843d677fe94f2384eb6de12b3503231498e736a422453eb434db3b2301d057ae603013289372491809140a42da3410d97090790fedcff552bce3363f156ac331ca813ca85b278795a46fed60feec8fedfdab5112b1f467736f4538313c0b28e345c2b563312121896fb190654cf9434e3829325397b0539d20a688ea0f82438cb41e282781425e2e7664acde1ab44cb5fc602debc9fd4ccd0a53795b634067b27d9d456f2bc128cd1a7e6ea325f3ed3860259d92858a81a1f6360c8a0c6154f839e60685b551388d21d063ed54ec472dec62a70c4b6903666f48ce4847e48597ac45514c082c94a14c86aa06beb8c5648a6a46340ae695114899bee393e9dcd7505b0f917fb6c854bb0c2056aea109607140ab911cb8c32b87a1c95b8467855043aa9d93bdd1c1df76c81878492cda6bb20bc231672998816a48390d8132b819f8c035437229e3db9da80a3e4af98ff8f32d6904ce00fc407b4c079484d6cd7577a468e759fb216b5b7133ea67d19d7ce95f4bcaa276f221871927cd0710c27a1c86e89f9731730d6af1785f81c58b3559b05e6cfe8847a566b884ab6270f7e6e1709b342fceb44d319d0f14c97fdb3140fa50516fb5e545e1b3f14883f82107a20deb196eeb71785c061d5a11f1e87414bfd2a078b81886ff1e22ef73f750a7799c4a2a57be8c65e27d4ab6de34c19321893bea0cee6f2fe3e56d02a6d765e5656c064201eff8df4d3a7597ed908cb37373af0c3f452182dc38665ab4e1828e091957801225a8730435aa63ee044011ff94fdf02103416a4d5bd5c0ab3f232dba9f1c5ad6602cd99f72bf3d726cc69a1332ccfc1fbf0a667ecb00d8ab96ad22826ed1fcfea696421eca5dd7b3a2471377c05032e3c77ddbfd3bb3e497a04cc6629d62eacfe58577a311b37067cf9c367dbd7
b'\xd3\x00\x00\x00\x03aon'
120000011508b7e986e935101220022a880208fe85d6dd0110b7e986e935180228f6ca98cc0642337b22537469636b6572537472223a225b313d313230303030303030312d31315d222c2274797065223a22537469636b6572227d4a440a0c5a585f5f44494e4553482e2e10e6b290ae0318bdd8d0ad0320bc02420c4d455441e385a44b494e47536a00721508fe85d6dd0110051a0b1015080a0b130c0f1104075202656e6a660a6068747470733a2f2f6c68332e676f6f676c6575736572636f6e74656e742e636f6d2f612f414367386f634b67776433306967797a526465764b6832507273764b376357744f3545614471555554613937444b35367676547436513d7339362d63100118017200800181e0eeb0c8aaf7831c
120000019108b7e986e935101220022a840308b7e986e93510fe85d6dd01180222a3020a5b4646464646465d48656c6c6f2c205b4646443730305d5a585f5f44494e4553482e2e5b4646464646465d2021210a0a5b4646464646465d57656c636f6d6520746f207468697320626f742120486f772061726520796f753f20200a486f706520796f7527726520616c72696768742e0a0a5b4646464646465d5468697320426f74206973205b3030464630305d4f6e6c696e65205b4646464646465d416e64205b3030464630305d576f726b696e6720506572666563746c795b4646464646465d2e20200a546f20736565204d7920417661696c61626c6520436f6d6d616e64732c20557365205b4646464630305d2f68656c705b4646464646465d2e0a0a5b4646464630305d5468616e6b20596f752e205b4646303030305de29da4efb88f0a28f6ca98cc0638024a3b0a106872e281b9e281b5e281b7c2b9e281b610a7fc8fae0318b6d5d3ad0320ca0228a7fc8fae034206467269656e645001580a6a04080210017200800180d0eed2caaaf7831c
12000000b408b7e986e935101220022aa70108b7e986e93510fe85d6dd01180222220a5b3030464646465d2a2a2a2a204c454c452042455445204d5548204d41494e200a28f6ca98cc0638024a3b0a106872e281b9e281b5e281b7c2b9e281b610a7fc8fae0318b6d5d3ad0320ca0228a7fc8fae034206467269656e64500158146a04080210017200800180d0ee9accaaf7831c8a01220a5b3030464646465d4c414e44204c454c452042455445204d5548204d41494e200a
120000011508b7e986e935101220022a880208fe85d6dd0110b7e986e935180228f9ca98cc0642337b22537469636b6572537472223a225b313d313230303030303030312d31315d222c2274797065223a22537469636b6572227d4a440a0c5a585f5f44494e4553482e2e10e6b290ae0318bdd8d0ad0320bc02420c4d455441e385a44b494e47536a00721508fe85d6dd0110051a0b1015080a0b130c0f1104075202656e6a660a6068747470733a2f2f6c68332e676f6f676c6575736572636f6e74656e742e636f6d2f612f414367386f634b67776433306967797a526465764b6832507273764b376357744f3545614471555554613937444b35367676547436513d7339362d63100118017200800180e0eee281abf7831c
120000019108b7e986e935101220022a840308b7e986e93510fe85d6dd01180222a3020a5b4646464646465d48656c6c6f2c205b4646443730305d5a585f5f44494e4553482e2e5b4646464646465d2021210a0a5b4646464646465d57656c636f6d6520746f207468697320626f742120486f772061726520796f753f20200a486f706520796f7527726520616c72696768742e0a0a5b4646464646465d5468697320426f74206973205b3030464630305d4f6e6c696e65205b4646464646465d416e64205b3030464630305d576f726b696e6720506572666563746c795b4646464646465d2e20200a546f20736565204d7920417661696c61626c6520436f6d6d616e64732c20557365205b4646464630305d2f68656c705b4646464646465d2e0a0a5b4646464630305d5468616e6b20596f752e205b4646303030305de29da4efb88f0a28faca98cc0638024a3b0a106872e281b9e281b5e281b7c2b9e281b610a7fc8fae0318b6d5d3ad0320ca0228a7fc8fae034206467269656e645001585a6a04080210017200800181d0eeac83abf7831c
12000000b408b7e986e935101220022aa70108b7e986e93510fe85d6dd01180222220a5b3030464646465d2a2a2a2a204c454c452042455445204d5548204d41494e200a28faca98cc0638024a3b0a106872e281b9e281b5e281b7c2b9e281b610a7fc8fae0318b6d5d3ad0320ca0228a7fc8fae034206467269656e64500158286a04080210017200800180d0ee9685abf7831c8a01220a5b3030464646465d4c414e44204c454c452042455445204d5548204d41494e200aException in thread Thread-4 (sockf1):
Traceback (most recent call last):
  File "/data/data/com.termux/files/usr/lib/python3.12/threading.py", line 1075, in _bootstrap_inner
    self.run()
  File "/data/data/com.termux/files/usr/lib/python3.12/threading.py", line 1012, in run
    self._target(*self._args, **self._kwargs)
  File "/storage/emulated/0/newmytcp/account/new2/app.py", line 1157, in sockf1
    restart_program()
  File "/storage/emulated/0/newmytcp/account/new2/app.py", line 592, in restart_program
    connections = psutil.net_connections()
                  ^^^^^^^^^^^^^^^^^^^^^^^^
  File "/data/data/com.termux/files/usr/lib/python3.12/site-packages/psutil/__init__.py", line 2211, in net_connections
    return _psplatform.net_connections(kind)
           ^^^^^^^^^^^^^^^^^^^^^^^^^^^^^^^^^
  File "/data/data/com.termux/files/usr/lib/python3.12/site-packages/psutil/_pslinux.py", line 987, in net_connections
    return _net_connections.retrieve(kind)
           ^^^^^^^^^^^^^^^^^^^^^^^^^^^^^^^
  File "/data/data/com.termux/files/usr/lib/python3.12/site-packages/psutil/_pslinux.py", line 969, in retrieve
    for fd, family, type_, laddr, raddr, status, bound_pid in ls:
                                                              ^^
  File "/data/data/com.termux/files/usr/lib/python3.12/site-packages/psutil/_pslinux.py", line 878, in process_inet
    with open_text(file) as f:
         ^^^^^^^^^^^^^^^
  File "/data/data/com.termux/files/usr/lib/python3.12/site-packages/psutil/_common.py", line 774, in open_text
    fobj = open(  # noqa: SIM115
           ^^^^^^^^^^^^^^^^^^^^^
PermissionError: [Errno 13] Permission denied: '/proc/net/tcp'
ERROR:root:Error occurred: 'access_token'

b''
Connection closed by remote host
Connection closed by remote host
Connection closed by remote host
Hello from new2 app.py!
Traceback (most recent call last):
  File "/storage/emulated/0/newmytcp/account/new2/app.py", line 2463, in <module>
    client_thread = FF_CLIENT(id="4124519", password="FF258C6A604AE2959A373A1106FA42452192CD54801E728ED90BBCB48")
                    ^^^^^^^^^^^^^^^^^^^^^^^^^^^^^^^^^^^^^^^^^^^^^^^^^^^^^^^^^^^^^^^^^^^^^^^^^^^^^^^^^^^^^^^^^^^^^
  File "/storage/emulated/0/newmytcp/account/new2/app.py", line 614, in __init__
    self.get_tok()
  File "/storage/emulated/0/newmytcp/account/new2/app.py", line 2390, in get_tok
    token, key, iv, Timestamp, ip, port = self.guest_token(self.id, self.password)
                                          ^^^^^^^^^^^^^^^^^^^^^^^^^^^^^^^^^^^^^^^^
  File "/storage/emulated/0/newmytcp/account/new2/app.py", line 2333, in guest_token
    NEW_ACCESS_TOKEN = data['access_token']
                       ~~~~^^^^^^^^^^^^^^^^
KeyError: 'access_token'

During handling of the above exception, another exception occurred:

Traceback (most recent call last):
  File "/storage/emulated/0/newmytcp/account/new2/app.py", line 2467, in <module>
    restart_program()
  File "/storage/emulated/0/newmytcp/account/new2/app.py", line 592, in restart_program
    connections = psutil.net_connections()
                  ^^^^^^^^^^^^^^^^^^^^^^^^
  File "/data/data/com.termux/files/usr/lib/python3.12/site-packages/psutil/__init__.py", line 2211, in net_connections
    return _psplatform.net_connections(kind)
           ^^^^^^^^^^^^^^^^^^^^^^^^^^^^^^^^^
  File "/data/data/com.termux/files/usr/lib/python3.12/site-packages/psutil/_pslinux.py", line 987, in net_connections
    return _net_connections.retrieve(kind)
           ^^^^^^^^^^^^^^^^^^^^^^^^^^^^^^^
  File "/data/data/com.termux/files/usr/lib/python3.12/site-packages/psutil/_pslinux.py", line 969, in retrieve
    for fd, family, type_, laddr, raddr, status, bound_pid in ls:
                                                              ^^
  File "/data/data/com.termux/files/usr/lib/python3.12/site-packages/psutil/_pslinux.py", line 878, in process_inet
    with open_text(file) as f:
         ^^^^^^^^^^^^^^^
  File "/data/data/com.termux/files/usr/lib/python3.12/site-packages/psutil/_common.py", line 774, in open_text
    fobj = open(  # noqa: SIM115
           ^^^^^^^^^^^^^^^^^^^^^
PermissionError: [Errno 13] Permission denied: '/proc/net/tcp'
